  projeto_final_CG.cpp
C:\Users\rui_f\source\repos\projeto_final_CG\projeto_final_CG\projeto_final_CG.cpp(237,87): warning C4244: 'argument': conversion from 'float' to 'int', possible loss of data
C:\Users\rui_f\source\repos\projeto_final_CG\projeto_final_CG\projeto_final_CG.cpp(237,81): warning C4244: 'argument': conversion from 'float' to 'int', possible loss of data
C:\Users\rui_f\source\repos\projeto_final_CG\projeto_final_CG\projeto_final_CG.cpp(237,75): warning C4244: 'argument': conversion from 'float' to 'int', possible loss of data
C:\Users\rui_f\source\repos\projeto_final_CG\projeto_final_CG\projeto_final_CG.cpp(240,92): warning C4244: 'argument': conversion from 'float' to 'int', possible loss of data
C:\Users\rui_f\source\repos\projeto_final_CG\projeto_final_CG\projeto_final_CG.cpp(240,86): warning C4244: 'argument': conversion from 'float' to 'int', possible loss of data
C:\Users\rui_f\source\repos\projeto_final_CG\projeto_final_CG\projeto_final_CG.cpp(240,80): warning C4244: 'argument': conversion from 'float' to 'int', possible loss of data
C:\Users\rui_f\source\repos\projeto_final_CG\projeto_final_CG\projeto_final_CG.cpp(243,106): warning C4244: 'argument': conversion from 'float' to 'int', possible loss of data
C:\Users\rui_f\source\repos\projeto_final_CG\projeto_final_CG\projeto_final_CG.cpp(243,100): warning C4244: 'argument': conversion from 'float' to 'int', possible loss of data
C:\Users\rui_f\source\repos\projeto_final_CG\projeto_final_CG\projeto_final_CG.cpp(243,94): warning C4244: 'argument': conversion from 'float' to 'int', possible loss of data
C:\Users\rui_f\source\repos\projeto_final_CG\projeto_final_CG\projeto_final_CG.cpp(246,107): warning C4244: 'argument': conversion from 'float' to 'int', possible loss of data
C:\Users\rui_f\source\repos\projeto_final_CG\projeto_final_CG\projeto_final_CG.cpp(246,101): warning C4244: 'argument': conversion from 'float' to 'int', possible loss of data
C:\Users\rui_f\source\repos\projeto_final_CG\projeto_final_CG\projeto_final_CG.cpp(246,95): warning C4244: 'argument': conversion from 'float' to 'int', possible loss of data
C:\Users\rui_f\source\repos\projeto_final_CG\projeto_final_CG\projeto_final_CG.cpp(249,103): warning C4244: 'argument': conversion from 'float' to 'int', possible loss of data
C:\Users\rui_f\source\repos\projeto_final_CG\projeto_final_CG\projeto_final_CG.cpp(249,97): warning C4244: 'argument': conversion from 'float' to 'int', possible loss of data
C:\Users\rui_f\source\repos\projeto_final_CG\projeto_final_CG\projeto_final_CG.cpp(249,91): warning C4244: 'argument': conversion from 'float' to 'int', possible loss of data
C:\Users\rui_f\source\repos\projeto_final_CG\projeto_final_CG\projeto_final_CG.cpp(252,104): warning C4244: 'argument': conversion from 'float' to 'int', possible loss of data
C:\Users\rui_f\source\repos\projeto_final_CG\projeto_final_CG\projeto_final_CG.cpp(252,98): warning C4244: 'argument': conversion from 'float' to 'int', possible loss of data
C:\Users\rui_f\source\repos\projeto_final_CG\projeto_final_CG\projeto_final_CG.cpp(252,92): warning C4244: 'argument': conversion from 'float' to 'int', possible loss of data
C:\Users\rui_f\source\repos\projeto_final_CG\projeto_final_CG\projeto_final_CG.cpp(255,100): warning C4244: 'argument': conversion from 'float' to 'int', possible loss of data
C:\Users\rui_f\source\repos\projeto_final_CG\projeto_final_CG\projeto_final_CG.cpp(255,94): warning C4244: 'argument': conversion from 'float' to 'int', possible loss of data
C:\Users\rui_f\source\repos\projeto_final_CG\projeto_final_CG\projeto_final_CG.cpp(255,88): warning C4244: 'argument': conversion from 'float' to 'int', possible loss of data
C:\Users\rui_f\source\repos\projeto_final_CG\projeto_final_CG\projeto_final_CG.cpp(258,98): warning C4244: 'argument': conversion from 'float' to 'int', possible loss of data
C:\Users\rui_f\source\repos\projeto_final_CG\projeto_final_CG\projeto_final_CG.cpp(258,92): warning C4244: 'argument': conversion from 'float' to 'int', possible loss of data
C:\Users\rui_f\source\repos\projeto_final_CG\projeto_final_CG\projeto_final_CG.cpp(258,86): warning C4244: 'argument': conversion from 'float' to 'int', possible loss of data
C:\Users\rui_f\source\repos\projeto_final_CG\projeto_final_CG\projeto_final_CG.cpp(520,27): warning C4244: 'argument': conversion from 'int' to 'GLfloat', possible loss of data
C:\Users\rui_f\source\repos\projeto_final_CG\projeto_final_CG\projeto_final_CG.cpp(520,20): warning C4244: 'argument': conversion from 'int' to 'GLfloat', possible loss of data
C:\Users\rui_f\source\repos\projeto_final_CG\projeto_final_CG\projeto_final_CG.cpp(520,15): warning C4244: 'argument': conversion from 'int' to 'GLfloat', possible loss of data
C:\Users\rui_f\source\repos\projeto_final_CG\projeto_final_CG\projeto_final_CG.cpp(522,22): warning C4244: 'argument': conversion from 'float' to 'GLint', possible loss of data
C:\Users\rui_f\source\repos\projeto_final_CG\projeto_final_CG\projeto_final_CG.cpp(522,19): warning C4244: 'argument': conversion from 'float' to 'GLint', possible loss of data
C:\Users\rui_f\source\repos\projeto_final_CG\projeto_final_CG\projeto_final_CG.cpp(533,67): warning C4474: 'sprintf_s' : too many arguments passed for format string
C:\Users\rui_f\source\repos\projeto_final_CG\projeto_final_CG\projeto_final_CG.cpp(533,67): message : placeholders and their parameters expect 1 variadic arguments, but 2 were provided
C:\Users\rui_f\source\repos\projeto_final_CG\projeto_final_CG\projeto_final_CG.cpp(534,83): warning C4244: 'argument': conversion from 'float' to 'int', possible loss of data
C:\Users\rui_f\source\repos\projeto_final_CG\projeto_final_CG\projeto_final_CG.cpp(534,77): warning C4244: 'argument': conversion from 'float' to 'int', possible loss of data
C:\Users\rui_f\source\repos\projeto_final_CG\projeto_final_CG\projeto_final_CG.cpp(534,71): warning C4244: 'argument': conversion from 'float' to 'int', possible loss of data
  projeto_final_CG.vcxproj -> C:\Users\rui_f\source\repos\projeto_final_CG\Debug\projeto_final_CG.exe
